Compiling the C compiler identification source file "CMakeCCompilerId.c" failed.
Compiler: /cvmfs/sft.cern.ch/lcg/releases/gcc/7.3.0-cb1ee/x86_64-centos7/bin/gcc 
Build flags: 
Id flags: 

The output was:
1
gcc: error trying to exec 'as': execvp: Input/output error


Compiling the C compiler identification source file "CMakeCCompilerId.c" failed.
Compiler: /cvmfs/sft.cern.ch/lcg/releases/gcc/7.3.0-cb1ee/x86_64-centos7/bin/gcc 
Build flags: 
Id flags: -c

The output was:
1
gcc: error trying to exec 'as': execvp: Input/output error


Compiling the C compiler identification source file "CMakeCCompilerId.c" failed.
Compiler: /cvmfs/sft.cern.ch/lcg/releases/gcc/7.3.0-cb1ee/x86_64-centos7/bin/gcc 
Build flags: 
Id flags: -Aa

The output was:
1
<command-line>:0:1: error: missing '(' after predicate


Checking whether the C compiler is IAR using "" did not match "IAR .+ Compiler":
gcc: fatal error: no input files
compilation terminated.
Compiling the CXX compiler identification source file "CMakeCXXCompilerId.cpp" failed.
Compiler: /cvmfs/sft.cern.ch/lcg/releases/gcc/7.3.0-cb1ee/x86_64-centos7/bin/g++ 
Build flags: 
Id flags: 

The output was:
1
g++: error trying to exec 'as': execvp: Input/output error


Compiling the CXX compiler identification source file "CMakeCXXCompilerId.cpp" failed.
Compiler: /cvmfs/sft.cern.ch/lcg/releases/gcc/7.3.0-cb1ee/x86_64-centos7/bin/g++ 
Build flags: 
Id flags: -c

The output was:
1
g++: error trying to exec 'as': execvp: Input/output error


Checking whether the CXX compiler is IAR using "" did not match "IAR .+ Compiler":
g++: fatal error: no input files
compilation terminated.
Determining if the C compiler works failed with the following output:
Change Dir: /home/jsstar522/Project/CMSCaloGAN/DeepShowerSim_CMSSW_10_6_1/src/DeepShowerSim/0-Generation/build/CMakeFiles/CMakeTmp

Run Build Command:/cvmfs/cms.cern.ch/slc7_amd64_gcc700/cms/cmssw/CMSSW_10_6_1/external/slc7_amd64_gcc700/bin/gmake "cmTryCompileExec1527420828/fast"
/cvmfs/cms.cern.ch/slc7_amd64_gcc700/cms/cmssw/CMSSW_10_6_1/external/slc7_amd64_gcc700/bin/gmake -f CMakeFiles/cmTryCompileExec1527420828.dir/build.make CMakeFiles/cmTryCompileExec1527420828.dir/build
gmake[1]: Entering directory '/home/jsstar522/Project/CMSCaloGAN/DeepShowerSim_CMSSW_10_6_1/src/DeepShowerSim/0-Generation/build/CMakeFiles/CMakeTmp'
gmake[1]: Warning: File 'CMakeFiles/cmTryCompileExec1527420828.dir/progress.make' has modification time 0.0036 s in the future
/usr/bin/cmake -E cmake_progress_report /home/jsstar522/Project/CMSCaloGAN/DeepShowerSim_CMSSW_10_6_1/src/DeepShowerSim/0-Generation/build/CMakeFiles/CMakeTmp/CMakeFiles 1
Building C object CMakeFiles/cmTryCompileExec1527420828.dir/testCCompiler.c.o
/cvmfs/sft.cern.ch/lcg/releases/gcc/7.3.0-cb1ee/x86_64-centos7/bin/gcc    -o CMakeFiles/cmTryCompileExec1527420828.dir/testCCompiler.c.o   -c /home/jsstar522/Project/CMSCaloGAN/DeepShowerSim_CMSSW_10_6_1/src/DeepShowerSim/0-Generation/build/CMakeFiles/CMakeTmp/testCCompiler.c
gcc: error trying to exec 'as': execvp: Input/output error
gmake[1]: Leaving directory '/home/jsstar522/Project/CMSCaloGAN/DeepShowerSim_CMSSW_10_6_1/src/DeepShowerSim/0-Generation/build/CMakeFiles/CMakeTmp'
gmake[1]: *** [CMakeFiles/cmTryCompileExec1527420828.dir/build.make:62: CMakeFiles/cmTryCompileExec1527420828.dir/testCCompiler.c.o] Error 1
gmake: *** [Makefile:117: cmTryCompileExec1527420828/fast] Error 2


Compiling the C compiler identification source file "CMakeCCompilerId.c" failed.
Compiler: /cvmfs/sft.cern.ch/lcg/releases/gcc/7.3.0-cb1ee/x86_64-centos7/bin/gcc 
Build flags: 
Id flags:  

The output was:
Input/output error


Compiling the C compiler identification source file "CMakeCCompilerId.c" failed.
Compiler: /cvmfs/sft.cern.ch/lcg/releases/gcc/7.3.0-cb1ee/x86_64-centos7/bin/gcc 
Build flags: 
Id flags: -c 

The output was:
Input/output error


Compiling the C compiler identification source file "CMakeCCompilerId.c" failed.
Compiler: /cvmfs/sft.cern.ch/lcg/releases/gcc/7.3.0-cb1ee/x86_64-centos7/bin/gcc 
Build flags: 
Id flags: -Aa 

The output was:
Input/output error


Compiling the C compiler identification source file "CMakeCCompilerId.c" failed.
Compiler: /cvmfs/sft.cern.ch/lcg/releases/gcc/7.3.0-cb1ee/x86_64-centos7/bin/gcc 
Build flags: 
Id flags: -D__CLASSIC_C__ 

The output was:
Input/output error


Compiling the C compiler identification source file "CMakeCCompilerId.c" failed.
Compiler: /cvmfs/sft.cern.ch/lcg/releases/gcc/7.3.0-cb1ee/x86_64-centos7/bin/gcc 
Build flags: 
Id flags:  

The output was:
Input/output error


Compiling the C compiler identification source file "CMakeCCompilerId.c" failed.
Compiler: /cvmfs/sft.cern.ch/lcg/releases/gcc/7.3.0-cb1ee/x86_64-centos7/bin/gcc 
Build flags: 
Id flags: -c 

The output was:
Input/output error


Compiling the C compiler identification source file "CMakeCCompilerId.c" failed.
Compiler: /cvmfs/sft.cern.ch/lcg/releases/gcc/7.3.0-cb1ee/x86_64-centos7/bin/gcc 
Build flags: 
Id flags: -Aa 

The output was:
Input/output error


Compiling the C compiler identification source file "CMakeCCompilerId.c" failed.
Compiler: /cvmfs/sft.cern.ch/lcg/releases/gcc/7.3.0-cb1ee/x86_64-centos7/bin/gcc 
Build flags: 
Id flags: -D__CLASSIC_C__ 

The output was:
Input/output error


Checking whether the C compiler is IAR using "" did not match "IAR .+ Compiler":
Checking whether the C compiler is IAR using "" did not match "IAR .+ Compiler":
Compiling the CXX compiler identification source file "CMakeCXXCompilerId.cpp" failed.
Compiler: /cvmfs/sft.cern.ch/lcg/releases/gcc/7.3.0-cb1ee/x86_64-centos7/bin/g++ 
Build flags: 
Id flags:  

The output was:
Input/output error


Compiling the CXX compiler identification source file "CMakeCXXCompilerId.cpp" failed.
Compiler: /cvmfs/sft.cern.ch/lcg/releases/gcc/7.3.0-cb1ee/x86_64-centos7/bin/g++ 
Build flags: 
Id flags: -c 

The output was:
Input/output error


Compiling the CXX compiler identification source file "CMakeCXXCompilerId.cpp" failed.
Compiler: /cvmfs/sft.cern.ch/lcg/releases/gcc/7.3.0-cb1ee/x86_64-centos7/bin/g++ 
Build flags: 
Id flags: --c++ 

The output was:
Input/output error


Compiling the CXX compiler identification source file "CMakeCXXCompilerId.cpp" failed.
Compiler: /cvmfs/sft.cern.ch/lcg/releases/gcc/7.3.0-cb1ee/x86_64-centos7/bin/g++ 
Build flags: 
Id flags: --ec++ 

The output was:
Input/output error


Compiling the CXX compiler identification source file "CMakeCXXCompilerId.cpp" failed.
Compiler: /cvmfs/sft.cern.ch/lcg/releases/gcc/7.3.0-cb1ee/x86_64-centos7/bin/g++ 
Build flags: 
Id flags:  

The output was:
Input/output error


Compiling the CXX compiler identification source file "CMakeCXXCompilerId.cpp" failed.
Compiler: /cvmfs/sft.cern.ch/lcg/releases/gcc/7.3.0-cb1ee/x86_64-centos7/bin/g++ 
Build flags: 
Id flags: -c 

The output was:
Input/output error


Compiling the CXX compiler identification source file "CMakeCXXCompilerId.cpp" failed.
Compiler: /cvmfs/sft.cern.ch/lcg/releases/gcc/7.3.0-cb1ee/x86_64-centos7/bin/g++ 
Build flags: 
Id flags: --c++ 

The output was:
Input/output error


Compiling the CXX compiler identification source file "CMakeCXXCompilerId.cpp" failed.
Compiler: /cvmfs/sft.cern.ch/lcg/releases/gcc/7.3.0-cb1ee/x86_64-centos7/bin/g++ 
Build flags: 
Id flags: --ec++ 

The output was:
Input/output error


Checking whether the CXX compiler is IAR using "" did not match "IAR .+ Compiler":
Checking whether the CXX compiler is IAR using "" did not match "IAR .+ Compiler":
Compiling the C compiler identification source file "CMakeCCompilerId.c" failed.
Compiler: /cvmfs/sft.cern.ch/lcg/releases/gcc/7.3.0-cb1ee/x86_64-centos7/bin/gcc 
Build flags: 
Id flags: 

The output was:
1
gcc: error trying to exec 'as': execvp: Input/output error


Compiling the C compiler identification source file "CMakeCCompilerId.c" failed.
Compiler: /cvmfs/sft.cern.ch/lcg/releases/gcc/7.3.0-cb1ee/x86_64-centos7/bin/gcc 
Build flags: 
Id flags: -c

The output was:
1
gcc: error trying to exec 'as': execvp: Input/output error


Compiling the C compiler identification source file "CMakeCCompilerId.c" failed.
Compiler: /cvmfs/sft.cern.ch/lcg/releases/gcc/7.3.0-cb1ee/x86_64-centos7/bin/gcc 
Build flags: 
Id flags: -Aa

The output was:
1
<command-line>:0:1: error: missing '(' after predicate


Checking whether the C compiler is IAR using "" did not match "IAR .+ Compiler":
gcc: fatal error: no input files
compilation terminated.
Compiling the CXX compiler identification source file "CMakeCXXCompilerId.cpp" failed.
Compiler: /cvmfs/sft.cern.ch/lcg/releases/gcc/7.3.0-cb1ee/x86_64-centos7/bin/g++ 
Build flags: 
Id flags: 

The output was:
1
g++: error trying to exec 'as': execvp: Input/output error


Compiling the CXX compiler identification source file "CMakeCXXCompilerId.cpp" failed.
Compiler: /cvmfs/sft.cern.ch/lcg/releases/gcc/7.3.0-cb1ee/x86_64-centos7/bin/g++ 
Build flags: 
Id flags: -c

The output was:
1
g++: error trying to exec 'as': execvp: Input/output error


Checking whether the CXX compiler is IAR using "" did not match "IAR .+ Compiler":
g++: fatal error: no input files
compilation terminated.
Determining if the C compiler works failed with the following output:
Change Dir: /home/jsstar522/Project/CMSCaloGAN/DeepShowerSim_CMSSW_10_6_1/src/DeepShowerSim/0-Generation/build/CMakeFiles/CMakeTmp

Run Build Command:/cvmfs/cms.cern.ch/slc7_amd64_gcc700/cms/cmssw/CMSSW_10_6_1/external/slc7_amd64_gcc700/bin/gmake "cmTryCompileExec1749754874/fast"
/cvmfs/cms.cern.ch/slc7_amd64_gcc700/cms/cmssw/CMSSW_10_6_1/external/slc7_amd64_gcc700/bin/gmake -f CMakeFiles/cmTryCompileExec1749754874.dir/build.make CMakeFiles/cmTryCompileExec1749754874.dir/build
gmake[1]: Entering directory '/home/jsstar522/Project/CMSCaloGAN/DeepShowerSim_CMSSW_10_6_1/src/DeepShowerSim/0-Generation/build/CMakeFiles/CMakeTmp'
gmake[1]: Warning: File 'CMakeFiles/cmTryCompileExec1749754874.dir/progress.make' has modification time 0.023 s in the future
/usr/bin/cmake -E cmake_progress_report /home/jsstar522/Project/CMSCaloGAN/DeepShowerSim_CMSSW_10_6_1/src/DeepShowerSim/0-Generation/build/CMakeFiles/CMakeTmp/CMakeFiles 1
Building C object CMakeFiles/cmTryCompileExec1749754874.dir/testCCompiler.c.o
/cvmfs/sft.cern.ch/lcg/releases/gcc/7.3.0-cb1ee/x86_64-centos7/bin/gcc    -o CMakeFiles/cmTryCompileExec1749754874.dir/testCCompiler.c.o   -c /home/jsstar522/Project/CMSCaloGAN/DeepShowerSim_CMSSW_10_6_1/src/DeepShowerSim/0-Generation/build/CMakeFiles/CMakeTmp/testCCompiler.c
gcc: error trying to exec 'as': execvp: Input/output error
gmake[1]: *** [CMakeFiles/cmTryCompileExec1749754874.dir/build.make:62: CMakeFiles/cmTryCompileExec1749754874.dir/testCCompiler.c.o] Error 1
gmake[1]: Leaving directory '/home/jsstar522/Project/CMSCaloGAN/DeepShowerSim_CMSSW_10_6_1/src/DeepShowerSim/0-Generation/build/CMakeFiles/CMakeTmp'
gmake: *** [Makefile:117: cmTryCompileExec1749754874/fast] Error 2


Compiling the C compiler identification source file "CMakeCCompilerId.c" failed.
Compiler: /cvmfs/sft.cern.ch/lcg/releases/gcc/7.3.0-cb1ee/x86_64-centos7/bin/gcc 
Build flags: 
Id flags:  

The output was:
1
gcc: error trying to exec 'as': execvp: Input/output error


Compiling the C compiler identification source file "CMakeCCompilerId.c" failed.
Compiler: /cvmfs/sft.cern.ch/lcg/releases/gcc/7.3.0-cb1ee/x86_64-centos7/bin/gcc 
Build flags: 
Id flags: -c 

The output was:
1
gcc: error trying to exec 'as': execvp: Input/output error


Compiling the C compiler identification source file "CMakeCCompilerId.c" failed.
Compiler: /cvmfs/sft.cern.ch/lcg/releases/gcc/7.3.0-cb1ee/x86_64-centos7/bin/gcc 
Build flags: 
Id flags: -Aa 

The output was:
1
<command-line>:0:1: error: missing '(' after predicate


Compiling the C compiler identification source file "CMakeCCompilerId.c" failed.
Compiler: /cvmfs/sft.cern.ch/lcg/releases/gcc/7.3.0-cb1ee/x86_64-centos7/bin/gcc 
Build flags: 
Id flags: -D__CLASSIC_C__ 

The output was:
1
gcc: error trying to exec 'as': execvp: Input/output error


Compiling the C compiler identification source file "CMakeCCompilerId.c" failed.
Compiler: /cvmfs/sft.cern.ch/lcg/releases/gcc/7.3.0-cb1ee/x86_64-centos7/bin/gcc 
Build flags: 
Id flags:  

The output was:
1
gcc: error trying to exec 'as': execvp: Input/output error


Compiling the C compiler identification source file "CMakeCCompilerId.c" failed.
Compiler: /cvmfs/sft.cern.ch/lcg/releases/gcc/7.3.0-cb1ee/x86_64-centos7/bin/gcc 
Build flags: 
Id flags: -c 

The output was:
1
gcc: error trying to exec 'as': execvp: Input/output error


Compiling the C compiler identification source file "CMakeCCompilerId.c" failed.
Compiler: /cvmfs/sft.cern.ch/lcg/releases/gcc/7.3.0-cb1ee/x86_64-centos7/bin/gcc 
Build flags: 
Id flags: -Aa 

The output was:
1
<command-line>:0:1: error: missing '(' after predicate


Compiling the C compiler identification source file "CMakeCCompilerId.c" failed.
Compiler: /cvmfs/sft.cern.ch/lcg/releases/gcc/7.3.0-cb1ee/x86_64-centos7/bin/gcc 
Build flags: 
Id flags: -D__CLASSIC_C__ 

The output was:
1
gcc: error trying to exec 'as': execvp: Input/output error


Checking whether the C compiler is IAR using "" did not match "IAR .+ Compiler":
gcc: fatal error: no input files
compilation terminated.
Checking whether the C compiler is IAR using "" did not match "IAR .+ Compiler":
gcc: fatal error: no input files
compilation terminated.
Compiling the CXX compiler identification source file "CMakeCXXCompilerId.cpp" failed.
Compiler: /cvmfs/sft.cern.ch/lcg/releases/gcc/7.3.0-cb1ee/x86_64-centos7/bin/g++ 
Build flags: 
Id flags:  

The output was:
1
g++: error trying to exec 'as': execvp: Input/output error


Compiling the CXX compiler identification source file "CMakeCXXCompilerId.cpp" failed.
Compiler: /cvmfs/sft.cern.ch/lcg/releases/gcc/7.3.0-cb1ee/x86_64-centos7/bin/g++ 
Build flags: 
Id flags: -c 

The output was:
1
g++: error trying to exec 'as': execvp: Input/output error


Compiling the CXX compiler identification source file "CMakeCXXCompilerId.cpp" failed.
Compiler: /cvmfs/sft.cern.ch/lcg/releases/gcc/7.3.0-cb1ee/x86_64-centos7/bin/g++ 
Build flags: 
Id flags: --c++ 

The output was:
1
g++: error: unrecognized command line option '--c++'


Compiling the CXX compiler identification source file "CMakeCXXCompilerId.cpp" failed.
Compiler: /cvmfs/sft.cern.ch/lcg/releases/gcc/7.3.0-cb1ee/x86_64-centos7/bin/g++ 
Build flags: 
Id flags: --ec++ 

The output was:
1
g++: error: unrecognized command line option '--ec++'; did you mean '-Weffc++'?


Compiling the CXX compiler identification source file "CMakeCXXCompilerId.cpp" failed.
Compiler: /cvmfs/sft.cern.ch/lcg/releases/gcc/7.3.0-cb1ee/x86_64-centos7/bin/g++ 
Build flags: 
Id flags:  

The output was:
1
g++: error trying to exec 'as': execvp: Input/output error


Compiling the CXX compiler identification source file "CMakeCXXCompilerId.cpp" failed.
Compiler: /cvmfs/sft.cern.ch/lcg/releases/gcc/7.3.0-cb1ee/x86_64-centos7/bin/g++ 
Build flags: 
Id flags: -c 

The output was:
1
g++: error trying to exec 'as': execvp: Input/output error


Compiling the CXX compiler identification source file "CMakeCXXCompilerId.cpp" failed.
Compiler: /cvmfs/sft.cern.ch/lcg/releases/gcc/7.3.0-cb1ee/x86_64-centos7/bin/g++ 
Build flags: 
Id flags: --c++ 

The output was:
1
g++: error: unrecognized command line option '--c++'


Compiling the CXX compiler identification source file "CMakeCXXCompilerId.cpp" failed.
Compiler: /cvmfs/sft.cern.ch/lcg/releases/gcc/7.3.0-cb1ee/x86_64-centos7/bin/g++ 
Build flags: 
Id flags: --ec++ 

The output was:
1
g++: error: unrecognized command line option '--ec++'; did you mean '-Weffc++'?


Checking whether the CXX compiler is IAR using "" did not match "IAR .+ Compiler":
g++: fatal error: no input files
compilation terminated.
Checking whether the CXX compiler is IAR using "" did not match "IAR .+ Compiler":
g++: fatal error: no input files
compilation terminated.
Determining if the C compiler works failed with the following output:
Change Dir: /home/jsstar522/Project/CMSCaloGAN/DeepShowerSim_CMSSW_10_6_1/src/DeepShowerSim/0-Generation/build/CMakeFiles/CMakeTmp

Run Build Command:"/cvmfs/cms.cern.ch/slc7_amd64_gcc700/cms/cmssw/CMSSW_10_6_1/external/slc7_amd64_gcc700/bin/gmake" "cmTC_b4778/fast"
gmake[1]: Entering directory '/home/jsstar522/Project/CMSCaloGAN/DeepShowerSim_CMSSW_10_6_1/src/DeepShowerSim/0-Generation/build/CMakeFiles/CMakeTmp'
gmake[1]: Warning: File 'Makefile' has modification time 0.01 s in the future
/cvmfs/cms.cern.ch/slc7_amd64_gcc700/cms/cmssw/CMSSW_10_6_1/external/slc7_amd64_gcc700/bin/gmake -f CMakeFiles/cmTC_b4778.dir/build.make CMakeFiles/cmTC_b4778.dir/build
gmake[2]: Entering directory '/home/jsstar522/Project/CMSCaloGAN/DeepShowerSim_CMSSW_10_6_1/src/DeepShowerSim/0-Generation/build/CMakeFiles/CMakeTmp'
gmake[2]: Warning: File 'CMakeFiles/cmTC_b4778.dir/progress.make' has modification time 0.038 s in the future
Building C object CMakeFiles/cmTC_b4778.dir/testCCompiler.c.o
/cvmfs/sft.cern.ch/lcg/releases/gcc/7.3.0-cb1ee/x86_64-centos7/bin/gcc    -o CMakeFiles/cmTC_b4778.dir/testCCompiler.c.o   -c /home/jsstar522/Project/CMSCaloGAN/DeepShowerSim_CMSSW_10_6_1/src/DeepShowerSim/0-Generation/build/CMakeFiles/CMakeTmp/testCCompiler.c
gcc: error trying to exec 'as': execvp: Input/output error
gmake[2]: *** [CMakeFiles/cmTC_b4778.dir/build.make:66: CMakeFiles/cmTC_b4778.dir/testCCompiler.c.o] Error 1
gmake[2]: Leaving directory '/home/jsstar522/Project/CMSCaloGAN/DeepShowerSim_CMSSW_10_6_1/src/DeepShowerSim/0-Generation/build/CMakeFiles/CMakeTmp'
gmake[1]: *** [Makefile:121: cmTC_b4778/fast] Error 2
gmake[1]: Leaving directory '/home/jsstar522/Project/CMSCaloGAN/DeepShowerSim_CMSSW_10_6_1/src/DeepShowerSim/0-Generation/build/CMakeFiles/CMakeTmp'


Compiling the C compiler identification source file "CMakeCCompilerId.c" failed.
Compiler: /cvmfs/sft.cern.ch/lcg/releases/gcc/7.3.0-cb1ee/x86_64-centos7/bin/gcc 
Build flags: 
Id flags:  

The output was:
1
gcc: error trying to exec 'as': execvp: Input/output error


Compiling the C compiler identification source file "CMakeCCompilerId.c" failed.
Compiler: /cvmfs/sft.cern.ch/lcg/releases/gcc/7.3.0-cb1ee/x86_64-centos7/bin/gcc 
Build flags: 
Id flags: -c 

The output was:
1
gcc: error trying to exec 'as': execvp: Input/output error


Compiling the C compiler identification source file "CMakeCCompilerId.c" failed.
Compiler: /cvmfs/sft.cern.ch/lcg/releases/gcc/7.3.0-cb1ee/x86_64-centos7/bin/gcc 
Build flags: 
Id flags: -Aa 

The output was:
1
<command-line>:0:1: error: missing '(' after predicate


Compiling the C compiler identification source file "CMakeCCompilerId.c" failed.
Compiler: /cvmfs/sft.cern.ch/lcg/releases/gcc/7.3.0-cb1ee/x86_64-centos7/bin/gcc 
Build flags: 
Id flags: -D__CLASSIC_C__ 

The output was:
1
gcc: error trying to exec 'as': execvp: Input/output error


Compiling the C compiler identification source file "CMakeCCompilerId.c" failed.
Compiler: /cvmfs/sft.cern.ch/lcg/releases/gcc/7.3.0-cb1ee/x86_64-centos7/bin/gcc 
Build flags: 
Id flags:  

The output was:
1
gcc: error trying to exec 'as': execvp: Input/output error


Compiling the C compiler identification source file "CMakeCCompilerId.c" failed.
Compiler: /cvmfs/sft.cern.ch/lcg/releases/gcc/7.3.0-cb1ee/x86_64-centos7/bin/gcc 
Build flags: 
Id flags: -c 

The output was:
1
gcc: error trying to exec 'as': execvp: Input/output error


Compiling the C compiler identification source file "CMakeCCompilerId.c" failed.
Compiler: /cvmfs/sft.cern.ch/lcg/releases/gcc/7.3.0-cb1ee/x86_64-centos7/bin/gcc 
Build flags: 
Id flags: -Aa 

The output was:
1
<command-line>:0:1: error: missing '(' after predicate


Compiling the C compiler identification source file "CMakeCCompilerId.c" failed.
Compiler: /cvmfs/sft.cern.ch/lcg/releases/gcc/7.3.0-cb1ee/x86_64-centos7/bin/gcc 
Build flags: 
Id flags: -D__CLASSIC_C__ 

The output was:
1
gcc: error trying to exec 'as': execvp: Input/output error


Checking whether the C compiler is IAR using "" terminated after 10 s due to timeout.